d:\folders\documents\github\comp-3501\game\assignment 3\directxtk\bin\windows81\win32\debug\directxtk.pch
d:\folders\documents\github\comp-3501\game\assignment 3\directxtk\bin\windows81\win32\debug\directxtk.pdb
d:\folders\documents\github\comp-3501\game\assignment 3\directxtk\bin\windows81\win32\debug\directxtk.idb
d:\folders\documents\github\comp-3501\game\assignment 3\directxtk\bin\windows81\win32\debug\pch.obj
d:\folders\documents\github\comp-3501\game\assignment 3\directxtk\bin\windows81\win32\debug\wavfilereader.obj
d:\folders\documents\github\comp-3501\game\assignment 3\directxtk\bin\windows81\win32\debug\soundeffect.obj
d:\folders\documents\github\comp-3501\game\assignment 3\directxtk\bin\windows81\win32\debug\wavebankreader.obj
d:\folders\documents\github\comp-3501\game\assignment 3\directxtk\bin\windows81\win32\debug\wavebank.obj
d:\folders\documents\github\comp-3501\game\assignment 3\directxtk\bin\windows81\win32\debug\soundeffectinstance.obj
d:\folders\documents\github\comp-3501\game\assignment 3\directxtk\bin\windows81\win32\debug\audioengine.obj
d:\folders\documents\github\comp-3501\game\assignment 3\directxtk\bin\windows81\win32\debug\dynamicsoundeffectinstance.obj
d:\folders\documents\github\comp-3501\game\assignment 3\directxtk\bin\windows81\win32\debug\effectfactory.obj
d:\folders\documents\github\comp-3501\game\assignment 3\directxtk\bin\windows81\win32\debug\skinnedeffect.obj
d:\folders\documents\github\comp-3501\game\assignment 3\directxtk\bin\windows81\win32\debug\dgsleffect.obj
d:\folders\documents\github\comp-3501\game\assignment 3\directxtk\bin\windows81\win32\debug\geometricprimitive.obj
d:\folders\documents\github\comp-3501\game\assignment 3\directxtk\bin\windows81\win32\debug\primitivebatch.obj
d:\folders\documents\github\comp-3501\game\assignment 3\directxtk\bin\windows81\win32\debug\wictextureloader.obj
d:\folders\documents\github\comp-3501\game\assignment 3\directxtk\bin\windows81\win32\debug\ddstextureloader.obj
d:\folders\documents\github\comp-3501\game\assignment 3\directxtk\bin\windows81\win32\debug\dualtextureeffect.obj
d:\folders\documents\github\comp-3501\game\assignment 3\directxtk\bin\windows81\win32\debug\simplemath.obj
d:\folders\documents\github\comp-3501\game\assignment 3\directxtk\bin\windows81\win32\debug\basiceffect.obj
d:\folders\documents\github\comp-3501\game\assignment 3\directxtk\bin\windows81\win32\debug\gamepad.obj
d:\folders\documents\github\comp-3501\game\assignment 3\directxtk\bin\windows81\win32\debug\screengrab.obj
d:\folders\documents\github\comp-3501\game\assignment 3\directxtk\bin\windows81\win32\debug\vertextypes.obj
d:\folders\documents\github\comp-3501\game\assignment 3\directxtk\bin\windows81\win32\debug\commonstates.obj
d:\folders\documents\github\comp-3501\game\assignment 3\directxtk\bin\windows81\win32\debug\binaryreader.obj
d:\folders\documents\github\comp-3501\game\assignment 3\directxtk\bin\windows81\win32\debug\modelloadcmo.obj
d:\folders\documents\github\comp-3501\game\assignment 3\directxtk\bin\windows81\win32\debug\dgsleffectfactory.obj
d:\folders\documents\github\comp-3501\game\assignment 3\directxtk\bin\windows81\win32\debug\spritebatch.obj
d:\folders\documents\github\comp-3501\game\assignment 3\directxtk\bin\windows81\win32\debug\alphatesteffect.obj
d:\folders\documents\github\comp-3501\game\assignment 3\directxtk\bin\windows81\win32\debug\environmentmapeffect.obj
d:\folders\documents\github\comp-3501\game\assignment 3\directxtk\bin\windows81\win32\debug\modelloadsdkmesh.obj
d:\folders\documents\github\comp-3501\game\assignment 3\directxtk\bin\windows81\win32\debug\soundcommon.obj
d:\folders\documents\github\comp-3501\game\assignment 3\directxtk\bin\windows81\win32\debug\effectcommon.obj
d:\folders\documents\github\comp-3501\game\assignment 3\directxtk\bin\windows81\win32\debug\model.obj
d:\folders\documents\github\comp-3501\game\assignment 3\directxtk\bin\windows81\win32\debug\spritefont.obj
d:\folders\documents\github\comp-3501\game\assignment 3\directxtk\bin\windows81\win32\debug\directxtk.lib
d:\folders\documents\github\comp-3501\game\assignment 3\directxtk\bin\windows81\win32\debug\priconfig.xml
d:\folders\documents\github\comp-3501\game\assignment 3\directxtk\bin\windows81\win32\debug\priconfig.xml.intermediate
d:\folders\documents\github\comp-3501\game\assignment 3\directxtk\bin\windows81\win32\debug\layout.resfiles
d:\folders\documents\github\comp-3501\game\assignment 3\directxtk\bin\windows81\win32\debug\layout.resfiles.intermediate
d:\folders\documents\github\comp-3501\game\assignment 3\directxtk\bin\windows81\win32\debug\resources.resfiles
d:\folders\documents\github\comp-3501\game\assignment 3\directxtk\bin\windows81\win32\debug\resources.resfiles.intermediate
d:\folders\documents\github\comp-3501\game\assignment 3\directxtk\bin\windows81\win32\debug\pri.resfiles
d:\folders\documents\github\comp-3501\game\assignment 3\directxtk\bin\windows81\win32\debug\pri.resfiles.intermediate
d:\folders\documents\github\comp-3501\game\assignment 3\directxtk\bin\windows81\win32\debug\directxtk.pri
d:\folders\documents\github\comp-3501\game\assignment 3\directxtk\bin\windows81\win32\debug\qualifiers.txt
d:\folders\documents\github\comp-3501\game\assignment 3\directxtk\bin\windows81\win32\debug\qualifiers.txt.intermediate
d:\folders\documents\github\comp-3501\game\assignment 3\directxtk\bin\windows81\win32\debug\multiplequalifiersperdimensionfound.txt
d:\folders\documents\github\comp-3501\game\assignment 3\directxtk\bin\windows81\win32\debug\directxt.e0b52ae7.tlog\cl.command.1.tlog
d:\folders\documents\github\comp-3501\game\assignment 3\directxtk\bin\windows81\win32\debug\directxt.e0b52ae7.tlog\cl.read.1.tlog
d:\folders\documents\github\comp-3501\game\assignment 3\directxtk\bin\windows81\win32\debug\directxt.e0b52ae7.tlog\cl.write.1.tlog
d:\folders\documents\github\comp-3501\game\assignment 3\directxtk\bin\windows81\win32\debug\directxt.e0b52ae7.tlog\directxtk_windows81.read.1u.tlog
d:\folders\documents\github\comp-3501\game\assignment 3\directxtk\bin\windows81\win32\debug\directxt.e0b52ae7.tlog\directxtk_windows81.write.1u.tlog
d:\folders\documents\github\comp-3501\game\assignment 3\directxtk\bin\windows81\win32\debug\directxt.e0b52ae7.tlog\lib-link.read.1.tlog
d:\folders\documents\github\comp-3501\game\assignment 3\directxtk\bin\windows81\win32\debug\directxt.e0b52ae7.tlog\lib-link.write.1.tlog
d:\folders\documents\github\comp-3501\game\assignment 3\directxtk\bin\windows81\win32\debug\directxt.e0b52ae7.tlog\lib.command.1.tlog
