c:\users\conradcameron\desktop\comp-3501\game\assignment 3\assignment3\debug\transforms1\samplepixelshader.cso
c:\users\conradcameron\desktop\comp-3501\game\assignment 3\assignment3\debug\transforms1\samplevertexshader.cso
c:\users\conradcameron\desktop\comp-3501\game\assignment 3\assignment3\transforms1\debug\pch.pch
c:\users\conradcameron\desktop\comp-3501\game\assignment 3\assignment3\transforms1\debug\vc120.pdb
c:\users\conradcameron\desktop\comp-3501\game\assignment 3\assignment3\transforms1\debug\vc120.idb
c:\users\conradcameron\desktop\comp-3501\game\assignment 3\assignment3\transforms1\debug\pch.obj
c:\users\conradcameron\desktop\comp-3501\game\assignment 3\assignment3\transforms1\debug\beam.obj
c:\users\conradcameron\desktop\comp-3501\game\assignment 3\assignment3\transforms1\debug\soundplayer.obj
c:\users\conradcameron\desktop\comp-3501\game\assignment 3\assignment3\transforms1\debug\spaceship.obj
c:\users\conradcameron\desktop\comp-3501\game\assignment 3\assignment3\transforms1\debug\sample3dscenerenderer.obj
c:\users\conradcameron\desktop\comp-3501\game\assignment 3\assignment3\transforms1\debug\enemy.obj
c:\users\conradcameron\desktop\comp-3501\game\assignment 3\assignment3\transforms1\debug\deviceresources.obj
c:\users\conradcameron\desktop\comp-3501\game\assignment 3\assignment3\transforms1\debug\inputmanager.obj
c:\users\conradcameron\desktop\comp-3501\game\assignment 3\assignment3\transforms1\debug\samplevirtualcontrollerrenderer.obj
c:\users\conradcameron\desktop\comp-3501\game\assignment 3\assignment3\transforms1\debug\camera.obj
c:\users\conradcameron\desktop\comp-3501\game\assignment 3\assignment3\transforms1\debug\directxgame2main.obj
c:\users\conradcameron\desktop\comp-3501\game\assignment 3\assignment3\transforms1\debug\gameentity.obj
c:\users\conradcameron\desktop\comp-3501\game\assignment 3\assignment3\transforms1\debug\app.obj
c:\users\conradcameron\desktop\comp-3501\game\assignment 3\assignment3\transforms1\debug\asteroid.obj
c:\users\conradcameron\desktop\comp-3501\game\assignment 3\assignment3\transforms1\debug\overlaymanager.obj
c:\users\conradcameron\desktop\comp-3501\game\assignment 3\assignment3\transforms1\debug\pickup.obj
c:\users\conradcameron\desktop\comp-3501\game\assignment 3\assignment3\transforms1\debug\sampledebugtextrenderer.obj
c:\users\conradcameron\desktop\comp-3501\game\assignment 3\assignment3\debug\transforms1\crate.cmo
c:\users\conradcameron\desktop\comp-3501\game\assignment 3\assignment3\debug\transforms1\_program files (x86)_microsoft visual studio 12.0_common7_ide_extensions_microsoft_vsgraphics_assets_effects_phong.dgsl.cso
c:\programdata\nvidia corporation\drs\nvapptimestamps
c:\users\conradcameron\desktop\comp-3501\game\assignment 3\assignment3\debug\transforms1\scene.cmo
c:\users\conradcameron\desktop\comp-3501\game\assignment 3\assignment3\debug\transforms1\_program files (x86)_microsoft visual studio 12.0_common7_ide_extensions_microsoft_vsgraphics_assets_effects_lambert.dgsl.cso
c:\users\conradcameron\desktop\comp-3501\game\assignment 3\assignment3\debug\transforms1\_users_conradcameron_desktop_comp-3501_game_assignment 3_assignment3_transforms1_assets_crate box_texture_crate__tex2.jpg.dds
c:\users\conradcameron\desktop\comp-3501\game\assignment 3\assignment3\transforms1\debug\assignment3.res
c:\users\conradcameron\desktop\comp-3501\game\assignment 3\assignment3\transforms1\debug\transforms1.vcxprojresolveassemblyreference.cache
c:\users\conradcameron\desktop\comp-3501\game\assignment 3\assignment3\debug\transforms1\assignment3.pdb
c:\users\conradcameron\desktop\comp-3501\game\assignment 3\assignment3\transforms1\debug\assignment3.tlog\assignment3.write.1u.tlog
c:\users\conradcameron\desktop\comp-3501\game\assignment 3\assignment3\transforms1\debug\assignment3.tlog\cl.command.1.tlog
c:\users\conradcameron\desktop\comp-3501\game\assignment 3\assignment3\transforms1\debug\assignment3.tlog\cl.read.1.tlog
c:\users\conradcameron\desktop\comp-3501\game\assignment 3\assignment3\transforms1\debug\assignment3.tlog\cl.write.1.tlog
c:\users\conradcameron\desktop\comp-3501\game\assignment 3\assignment3\transforms1\debug\assignment3.tlog\fxc.command.1.tlog
c:\users\conradcameron\desktop\comp-3501\game\assignment 3\assignment3\transforms1\debug\assignment3.tlog\fxc.read.1.tlog
c:\users\conradcameron\desktop\comp-3501\game\assignment 3\assignment3\transforms1\debug\assignment3.tlog\fxc.write.1.tlog
c:\users\conradcameron\desktop\comp-3501\game\assignment 3\assignment3\transforms1\debug\assignment3.tlog\link-cvtres.read.1.tlog
c:\users\conradcameron\desktop\comp-3501\game\assignment 3\assignment3\transforms1\debug\assignment3.tlog\link-cvtres.write.1.tlog
c:\users\conradcameron\desktop\comp-3501\game\assignment 3\assignment3\transforms1\debug\assignment3.tlog\link.command.1.tlog
c:\users\conradcameron\desktop\comp-3501\game\assignment 3\assignment3\transforms1\debug\assignment3.tlog\link.read.1.tlog
c:\users\conradcameron\desktop\comp-3501\game\assignment 3\assignment3\transforms1\debug\assignment3.tlog\link.write.1.tlog
c:\users\conradcameron\desktop\comp-3501\game\assignment 3\assignment3\transforms1\debug\assignment3.tlog\meshcontenttask-vsgraphics.1128.read.1.tlog
c:\users\conradcameron\desktop\comp-3501\game\assignment 3\assignment3\transforms1\debug\assignment3.tlog\meshcontenttask-vsgraphics.1128.read.2.tlog
c:\users\conradcameron\desktop\comp-3501\game\assignment 3\assignment3\transforms1\debug\assignment3.tlog\meshcontenttask-vsgraphics.1128.write.1.tlog
c:\users\conradcameron\desktop\comp-3501\game\assignment 3\assignment3\transforms1\debug\assignment3.tlog\meshcontenttask-vsgraphics.1128.write.2.tlog
c:\users\conradcameron\desktop\comp-3501\game\assignment 3\assignment3\transforms1\debug\assignment3.tlog\meshcontenttask-vsgraphics.4424.read.1.tlog
c:\users\conradcameron\desktop\comp-3501\game\assignment 3\assignment3\transforms1\debug\assignment3.tlog\meshcontenttask-vsgraphics.4424.read.2.tlog
c:\users\conradcameron\desktop\comp-3501\game\assignment 3\assignment3\transforms1\debug\assignment3.tlog\meshcontenttask-vsgraphics.4424.write.1.tlog
c:\users\conradcameron\desktop\comp-3501\game\assignment 3\assignment3\transforms1\debug\assignment3.tlog\meshcontenttask-vsgraphics.4424.write.2.tlog
c:\users\conradcameron\desktop\comp-3501\game\assignment 3\assignment3\transforms1\debug\assignment3.tlog\rc.command.1.tlog
c:\users\conradcameron\desktop\comp-3501\game\assignment 3\assignment3\transforms1\debug\assignment3.tlog\rc.read.1.tlog
c:\users\conradcameron\desktop\comp-3501\game\assignment 3\assignment3\transforms1\debug\assignment3.tlog\rc.write.1.tlog
