c:\users\conradcameron\desktop\comp-3501\game\assignment 3\assignment3\transforms1\debug\pch.pch
c:\users\conradcameron\desktop\comp-3501\game\assignment 3\assignment3\transforms1\debug\vc120.pdb
c:\users\conradcameron\desktop\comp-3501\game\assignment 3\assignment3\transforms1\debug\vc120.idb
c:\users\conradcameron\desktop\comp-3501\game\assignment 3\assignment3\transforms1\debug\pch.obj
c:\users\conradcameron\desktop\comp-3501\game\assignment 3\assignment3\transforms1\debug\inputmanager.obj
c:\users\conradcameron\desktop\comp-3501\game\assignment 3\assignment3\transforms1\debug\samplevirtualcontrollerrenderer.obj
c:\users\conradcameron\desktop\comp-3501\game\assignment 3\assignment3\transforms1\debug\gameentity.obj
c:\users\conradcameron\desktop\comp-3501\game\assignment 3\assignment3\transforms1\debug\app.obj
c:\users\conradcameron\desktop\comp-3501\game\assignment 3\assignment3\transforms1\debug\enemy.obj
c:\users\conradcameron\desktop\comp-3501\game\assignment 3\assignment3\transforms1\debug\sample3dscenerenderer.obj
c:\users\conradcameron\desktop\comp-3501\game\assignment 3\assignment3\transforms1\debug\asteroid.obj
c:\users\conradcameron\desktop\comp-3501\game\assignment 3\assignment3\transforms1\debug\overlaymanager.obj
c:\users\conradcameron\desktop\comp-3501\game\assignment 3\assignment3\transforms1\debug\beam.obj
c:\users\conradcameron\desktop\comp-3501\game\assignment 3\assignment3\transforms1\debug\soundplayer.obj
c:\users\conradcameron\desktop\comp-3501\game\assignment 3\assignment3\transforms1\debug\camera.obj
c:\users\conradcameron\desktop\comp-3501\game\assignment 3\assignment3\transforms1\debug\sampledebugtextrenderer.obj
c:\users\conradcameron\desktop\comp-3501\game\assignment 3\assignment3\transforms1\debug\spaceship.obj
c:\users\conradcameron\desktop\comp-3501\game\assignment 3\assignment3\transforms1\debug\directxgame2main.obj
c:\users\conradcameron\desktop\comp-3501\game\assignment 3\assignment3\transforms1\debug\pickup.obj
c:\users\conradcameron\desktop\comp-3501\game\assignment 3\assignment3\transforms1\debug\deviceresources.obj
c:\users\conradcameron\desktop\comp-3501\game\assignment 3\assignment3\debug\transforms1\samplepixelshader.cso
c:\users\conradcameron\desktop\comp-3501\game\assignment 3\assignment3\debug\transforms1\samplevertexshader.cso
c:\users\conradcameron\desktop\comp-3501\game\assignment 3\assignment3\debug\transforms1\crate.cmo
c:\users\conradcameron\desktop\comp-3501\game\assignment 3\assignment3\debug\transforms1\_program files (x86)_microsoft visual studio 12.0_common7_ide_extensions_microsoft_vsgraphics_assets_effects_phong.dgsl.cso
c:\programdata\nvidia corporation\drs\nvapptimestamps
c:\users\conradcameron\desktop\comp-3501\game\assignment 3\assignment3\debug\transforms1\scene.cmo
c:\users\conradcameron\desktop\comp-3501\game\assignment 3\assignment3\debug\transforms1\_program files (x86)_microsoft visual studio 12.0_common7_ide_extensions_microsoft_vsgraphics_assets_effects_lambert.dgsl.cso
c:\users\conradcameron\desktop\comp-3501\game\assignment 3\assignment3\debug\transforms1\_users_conradcameron_desktop_comp-3501_game_assignment 3_assignment3_transforms1_assets_crate box_texture_crate__tex2.jpg.dds
c:\users\conradcameron\desktop\comp-3501\game\assignment 3\assignment3\transforms1\debug\assignment3.res
c:\users\conradcameron\desktop\comp-3501\game\assignment 3\assignment3\debug\transforms1\transforms1.winmd
c:\users\conradcameron\desktop\comp-3501\game\assignment 3\assignment3\transforms1\debug\priconfig.xml
c:\users\conradcameron\desktop\comp-3501\game\assignment 3\assignment3\transforms1\debug\priconfig.xml.intermediate
c:\users\conradcameron\desktop\comp-3501\game\assignment 3\assignment3\transforms1\debug\layout.resfiles
c:\users\conradcameron\desktop\comp-3501\game\assignment 3\assignment3\transforms1\debug\layout.resfiles.intermediate
c:\users\conradcameron\desktop\comp-3501\game\assignment 3\assignment3\transforms1\debug\resources.resfiles
c:\users\conradcameron\desktop\comp-3501\game\assignment 3\assignment3\transforms1\debug\resources.resfiles.intermediate
c:\users\conradcameron\desktop\comp-3501\game\assignment 3\assignment3\transforms1\debug\pri.resfiles
c:\users\conradcameron\desktop\comp-3501\game\assignment 3\assignment3\transforms1\debug\pri.resfiles.intermediate
c:\users\conradcameron\desktop\comp-3501\game\assignment 3\assignment3\debug\transforms1\resources.pri
c:\users\conradcameron\desktop\comp-3501\game\assignment 3\assignment3\transforms1\debug\qualifiers.txt
c:\users\conradcameron\desktop\comp-3501\game\assignment 3\assignment3\transforms1\debug\qualifiers.txt.intermediate
c:\users\conradcameron\desktop\comp-3501\game\assignment 3\assignment3\transforms1\debug\multiplequalifiersperdimensionfound.txt
c:\users\conradcameron\desktop\comp-3501\game\assignment 3\assignment3\transforms1\debug\projectarchitectures.txt
c:\users\conradcameron\desktop\comp-3501\game\assignment 3\assignment3\debug\transforms1\appxmanifest.xml
c:\users\conradcameron\desktop\comp-3501\game\assignment 3\assignment3\debug\transforms1\scavenger hunt.build.appxrecipe
c:\users\conradcameron\desktop\comp-3501\game\assignment 3\assignment3\transforms1\debug\transforms1.vcxprojresolveassemblyreference.cache
c:\users\conradcameron\desktop\comp-3501\game\assignment 3\assignment3\debug\transforms1\scavenger hunt.pdb
c:\users\conradcameron\desktop\comp-3501\game\assignment 3\assignment3\transforms1\debug\scavenger hunt.tlog\cl.command.1.tlog
c:\users\conradcameron\desktop\comp-3501\game\assignment 3\assignment3\transforms1\debug\scavenger hunt.tlog\cl.read.1.tlog
c:\users\conradcameron\desktop\comp-3501\game\assignment 3\assignment3\transforms1\debug\scavenger hunt.tlog\cl.write.1.tlog
c:\users\conradcameron\desktop\comp-3501\game\assignment 3\assignment3\transforms1\debug\scavenger hunt.tlog\fxc.command.1.tlog
c:\users\conradcameron\desktop\comp-3501\game\assignment 3\assignment3\transforms1\debug\scavenger hunt.tlog\fxc.read.1.tlog
c:\users\conradcameron\desktop\comp-3501\game\assignment 3\assignment3\transforms1\debug\scavenger hunt.tlog\fxc.write.1.tlog
c:\users\conradcameron\desktop\comp-3501\game\assignment 3\assignment3\transforms1\debug\scavenger hunt.tlog\link.command.1.tlog
c:\users\conradcameron\desktop\comp-3501\game\assignment 3\assignment3\transforms1\debug\scavenger hunt.tlog\link.read.1.tlog
c:\users\conradcameron\desktop\comp-3501\game\assignment 3\assignment3\transforms1\debug\scavenger hunt.tlog\link.write.1.tlog
c:\users\conradcameron\desktop\comp-3501\game\assignment 3\assignment3\transforms1\debug\scavenger hunt.tlog\meshcontenttask-vsgraphics.4148.read.1.tlog
c:\users\conradcameron\desktop\comp-3501\game\assignment 3\assignment3\transforms1\debug\scavenger hunt.tlog\meshcontenttask-vsgraphics.4148.read.2.tlog
c:\users\conradcameron\desktop\comp-3501\game\assignment 3\assignment3\transforms1\debug\scavenger hunt.tlog\meshcontenttask-vsgraphics.4148.write.1.tlog
c:\users\conradcameron\desktop\comp-3501\game\assignment 3\assignment3\transforms1\debug\scavenger hunt.tlog\meshcontenttask-vsgraphics.4148.write.2.tlog
c:\users\conradcameron\desktop\comp-3501\game\assignment 3\assignment3\transforms1\debug\scavenger hunt.tlog\meshcontenttask-vsgraphics.5152.read.1.tlog
c:\users\conradcameron\desktop\comp-3501\game\assignment 3\assignment3\transforms1\debug\scavenger hunt.tlog\meshcontenttask-vsgraphics.5152.read.2.tlog
c:\users\conradcameron\desktop\comp-3501\game\assignment 3\assignment3\transforms1\debug\scavenger hunt.tlog\meshcontenttask-vsgraphics.5152.write.1.tlog
c:\users\conradcameron\desktop\comp-3501\game\assignment 3\assignment3\transforms1\debug\scavenger hunt.tlog\meshcontenttask-vsgraphics.5152.write.2.tlog
c:\users\conradcameron\desktop\comp-3501\game\assignment 3\assignment3\transforms1\debug\scavenger hunt.tlog\rc.command.1.tlog
c:\users\conradcameron\desktop\comp-3501\game\assignment 3\assignment3\transforms1\debug\scavenger hunt.tlog\rc.read.1.tlog
c:\users\conradcameron\desktop\comp-3501\game\assignment 3\assignment3\transforms1\debug\scavenger hunt.tlog\rc.write.1.tlog
c:\users\conradcameron\desktop\comp-3501\game\assignment 3\assignment3\transforms1\debug\scavenger hunt.tlog\scavenger hunt.read.1u.tlog
c:\users\conradcameron\desktop\comp-3501\game\assignment 3\assignment3\transforms1\debug\scavenger hunt.tlog\scavenger hunt.write.1u.tlog
